Oct-2022/59532-Lu-No/temp/app/build/outputs/mapping/release/usage.txt
localhost_5500.twa.R$mipmap
localhost_5500.twa.R
localhost_5500.twa.R$bool
localhost_5500.twa.R$drawable
localhost_5500.twa.R$raw
localhost_5500.twa.R$layout
localhost_5500.twa.R$attr
localhost_5500.twa.R$xml
localhost_5500.twa.R$styleable
localhost_5500.twa.R$style
localhost_5500.twa.R$id
localhost_5500.twa.R$integer
localhost_5500.twa.R$string
localhost_5500.twa.R$dimen
localhost_5500.twa.BuildConfig
localhost_5500.twa.R$color
...
androidx.core.view.GravityCompat
android.support.customtabs.trusted.ITrustedWebActivityCallback$Default
androidx.annotation.IntegerRes
androidx.annotation.GuardedBy
androidx.core.R$integer
androidx.arch.core.internal.SafeIterableMap$IteratorWithAdditions
androidx.annotation.InspectableProperty$ValueType
androidx.core.content.res.FontResourcesParserCompat$FamilyResourceEntry
androidx.core.R
androidx.core.view.accessibility.AccessibilityNodeInfoCompat$CollectionItemInfoCompat
androidx.core.view.ViewPropertyAnimatorListenerAdapter
androidx.core.widget.ListViewAutoScrollHelper
androidx.core.util.Pools$SynchronizedPool
androidx.browser.browseractions.BrowserServiceFileProvider$FileSaveTask
androidx.annotation.InspectableProperty
androidx.core.app.NotificationManagerCompat$NotifyTask
androidx.core.content.pm.ShortcutInfoCompat
android.support.customtabs.trusted.ITrustedWebActivityService$Stub:
    public static android.support.customtabs.trusted.ITrustedWebActivityService asInterface(android.os.IBinder)
    public static boolean setDefaultImpl(android.support.customtabs.trusted.ITrustedWebActivityService)
    public static android.support.customtabs.trusted.ITrustedWebActivityService getDefaultImpl()
    private static final java.lang.String DESCRIPTOR
    static final int TRANSACTION_areNotificationsEnabled
    static final int TRANSACTION_notifyNotificationWithChannel
    static final int TRANSACTION_cancelNotification
    static final int TRANSACTION_getActiveNotifications
    static final int TRANSACTION_getSmallIconId
    static final int TRANSACTION_getSmallIconBitmap
    static final int TRANSACTION_extraCommand
androidx.core.app.ShareCompat
androidx.core.content.SharedPreferencesCompat$EditorCompat
androidx.core.view.accessibility.AccessibilityNodeProviderCompat$AccessibilityNodeProviderApi16
androidx.core.view.NestedScrollingParent
androidx.core.app.NotificationCompat$Extender
androidx.lifecycle.MethodCallsLogger
androidx.browser.browseractions.BrowserActionsFallbackMenuUi
androidx.core.app.ActivityRecreator$LifecycleCheckCallbacks
androidx.browser.R$dimen:
    private void <init>()
androidx.core.graphics.TypefaceCompatApi24Impl
androidx.core.provider.FontsContractCompat$4$1
androidx.core.os.LocaleListInterface
androidx.core.widget.ContentLoadingProgressBar$2
androidx.core.view.LayoutInflaterCompat$Factory2Wrapper
androidx.browser.trusted.sharing.ShareData:
    public static androidx.browser.trusted.sharing.ShareData fromBundle(android.os.Bundle)
    public static final java.lang.String KEY_TITLE
    public static final java.lang.String KEY_TEXT
    public static final java.lang.String KEY_URIS
androidx.annotation.TransitionRes
androidx.browser.trusted.TrustedWebActivityDisplayMode$DefaultMode:
    private static final int ID
androidx.browser.trusted.sharing.ShareTarget$EncodingType
androidx.core.app.NotificationCompat$CarExtender$UnreadConversation$Builder
androidx.core.app.ComponentActivity$ExtraData
androidx.core.view.accessibility.AccessibilityManagerCompat$AccessibilityStateChangeListener
androidx.annotation.BinderThread
androidx.core.content.res.GradientColorInflaterCompat$ColorStops
com.google.androidbrowserhelper.BuildConfig
androidx.core.app.ActivityRecreator$1
androidx.arch.core.internal.SafeIterableMap$Entry
androidx.browser.trusted.sharing.ShareTarget$FileFormField:
    static androidx.browser.trusted.sharing.ShareTarget$FileFormField fromBundle(android.os.Bundle)
    public static final java.lang.String KEY_NAME
    public static final java.lang.String KEY_ACCEPTED_TYPES
androidx.annotation.PluralsRes
androidx.core.view.ViewPropertyAnimatorCompat$2
androidx.core.content.pm.ShortcutManagerCompat$1
androidx.core.app.JobIntentService$CompatWorkItem
androidx.core.text.TextDirectionHeuristicsCompat
android.support.customtabs.ICustomTabsService$Default
androidx.annotation.Nullable
androidx.browser.trusted.TrustedWebActivityServiceConnectionPool$BindToServiceAsyncTask
androidx.browser.trusted.ScreenOrientation